<?xml version="1.0" encoding="UTF-8"?>
<!-- Generated by org.testng.reporters.JUnitXMLReporter -->
<testsuite hostname="PARTHA-PC" ignored="2" name="Test" tests="2" failures="1" timestamp="22 Jun 2018 06:09:32 GMT" time="12.025" errors="0">
  <testcase name="loginTest" time="0.08" classname="com.testLib.LogInTest">
    <failure type="java.lang.NullPointerException">
      <![CDATA[java.lang.NullPointerException
at com.google.common.base.Preconditions.checkNotNull(Preconditions.java:882)
at org.openqa.selenium.support.ui.FluentWait.<init>(FluentWait.java:104)
at org.openqa.selenium.support.ui.WebDriverWait.<init>(WebDriverWait.java:71)
at org.openqa.selenium.support.ui.WebDriverWait.<init>(WebDriverWait.java:45)
at com.baseLib.BasePage.verifyTitle(BasePage.java:22)
at com.testLib.LogInTest.loginTest(LogInTest.java:33)
... Removed 25 stack frames]]>
    </failure>
  </testcase> <!-- loginTest -->
  <testcase name="loginPageTitleTest" time="0.098" classname="com.testLib.LogInpageTitleTest"/>
  <testcase name="@BeforeTest precondition" time="0.0" classname="com.baseLib.BaseTest">
    <ignored/>
  </testcase> <!-- @BeforeTest precondition -->
  <testcase name="@AfterTest postconditon" time="0.0" classname="com.baseLib.BaseTest">
    <ignored/>
  </testcase> <!-- @AfterTest postconditon -->
</testsuite> <!-- Test -->
