<?xml version="1.0" encoding="UTF-8"?>
<!-- Generated by org.testng.reporters.JUnitXMLReporter -->
<testsuite hostname="PARTHA-PC" ignored="0" name="Test" tests="1" failures="1" timestamp="21 Jun 2018 18:21:47 GMT" time="20.121" errors="0">
  <testcase name="@AfterTest endReport" time="0.0" classname="com.genericLib.FreeCRMTest">
    <failure type="java.lang.NullPointerException">
      <![CDATA[java.lang.NullPointerException
at com.relevantcodes.extentreports.Report.terminate(Report.java:412)
at com.relevantcodes.extentreports.ExtentReports.close(ExtentReports.java:708)
at com.genericLib.FreeCRMTest.endReport(FreeCRMTest.java:46)
... Removed 24 stack frames]]>
    </failure>
  </testcase> <!-- @AfterTest endReport -->
  <testcase name="loginTest" time="0.019" classname="com.testLib.LogInTest">
    <failure type="java.lang.NullPointerException">
      <![CDATA[java.lang.NullPointerException
at com.testLib.LogInTest.loginTest(LogInTest.java:27)
... Removed 25 stack frames]]>
    </failure>
  </testcase> <!-- loginTest -->
</testsuite> <!-- Test -->
