<?xml version="1.0" encoding="UTF-8"?>
<testng-results skipped="0" failed="1" ignored="2" total="4" passed="1">
  <reporter-output>
  </reporter-output>
  <suite name="Suite" duration-ms="12025" started-at="2018-06-22T06:09:20Z" finished-at="2018-06-22T06:09:32Z">
    <groups>
    </groups>
    <test name="Test" duration-ms="12025" started-at="2018-06-22T06:09:20Z" finished-at="2018-06-22T06:09:32Z">
      <class name="com.testLib.LogInpageTitleTest">
        <test-method status="PASS" signature="loginPageTitleTest()[pri:0, instance:com.testLib.LogInpageTitleTest@34cd072c]" name="loginPageTitleTest" duration-ms="98" started-at="2018-06-22T06:09:31Z" finished-at="2018-06-22T06:09:31Z">
          <reporter-output>
          </reporter-output>
        </test-method> <!-- loginPageTitleTest -->
      </class> <!-- com.testLib.LogInpageTitleTest -->
      <class name="com.testLib.LogInTest">
        <test-method status="PASS" signature="precondition()[pri:0, instance:com.testLib.LogInTest@11438d26]" name="precondition" is-config="true" duration-ms="11123" started-at="2018-06-22T06:09:20Z" finished-at="2018-06-22T06:09:31Z">
          <reporter-output>
          </reporter-output>
        </test-method> <!-- precondition -->
        <test-method status="FAIL" signature="loginTest()[pri:0, instance:com.testLib.LogInTest@11438d26]" name="loginTest" duration-ms="80" started-at="2018-06-22T06:09:31Z" finished-at="2018-06-22T06:09:31Z">
          <exception class="java.lang.NullPointerException">
            <full-stacktrace>
              <![CDATA[java.lang.NullPointerException
at com.google.common.base.Preconditions.checkNotNull(Preconditions.java:882)
at org.openqa.selenium.support.ui.FluentWait.<init>(FluentWait.java:104)
at org.openqa.selenium.support.ui.WebDriverWait.<init>(WebDriverWait.java:71)
at org.openqa.selenium.support.ui.WebDriverWait.<init>(WebDriverWait.java:45)
at com.baseLib.BasePage.verifyTitle(BasePage.java:22)
at com.testLib.LogInTest.loginTest(LogInTest.java:33)
at sun.reflect.NativeMethodAccessorImpl.invoke0(Native Method)
at sun.reflect.NativeMethodAccessorImpl.invoke(NativeMethodAccessorImpl.java:62)
at sun.reflect.DelegatingMethodAccessorImpl.invoke(DelegatingMethodAccessorImpl.java:43)
at java.lang.reflect.Method.invoke(Method.java:498)
at org.testng.internal.MethodInvocationHelper.invokeMethod(MethodInvocationHelper.java:124)
at org.testng.internal.Invoker.invokeMethod(Invoker.java:583)
at org.testng.internal.Invoker.invokeTestMethod(Invoker.java:719)
at org.testng.internal.Invoker.invokeTestMethods(Invoker.java:989)
at org.testng.internal.TestMethodWorker.invokeTestMethods(TestMethodWorker.java:125)
at org.testng.internal.TestMethodWorker.run(TestMethodWorker.java:109)
at org.testng.TestRunner.privateRun(TestRunner.java:648)
at org.testng.TestRunner.run(TestRunner.java:505)
at org.testng.SuiteRunner.runTest(SuiteRunner.java:455)
at org.testng.SuiteRunner.runSequentially(SuiteRunner.java:450)
at org.testng.SuiteRunner.privateRun(SuiteRunner.java:415)
at org.testng.SuiteRunner.run(SuiteRunner.java:364)
at org.testng.SuiteRunnerWorker.runSuite(SuiteRunnerWorker.java:52)
at org.testng.SuiteRunnerWorker.run(SuiteRunnerWorker.java:84)
at org.testng.TestNG.runSuitesSequentially(TestNG.java:1208)
at org.testng.TestNG.runSuitesLocally(TestNG.java:1137)
at org.testng.TestNG.runSuites(TestNG.java:1049)
at org.testng.TestNG.run(TestNG.java:1017)
at org.testng.remote.AbstractRemoteTestNG.run(AbstractRemoteTestNG.java:114)
at org.testng.remote.RemoteTestNG.initAndRun(RemoteTestNG.java:251)
at org.testng.remote.RemoteTestNG.main(RemoteTestNG.java:77)
]]>
            </full-stacktrace>
          </exception> <!-- java.lang.NullPointerException -->
          <reporter-output>
          </reporter-output>
        </test-method> <!-- loginTest -->
        <test-method status="PASS" signature="postconditon()[pri:0, instance:com.testLib.LogInTest@11438d26]" name="postconditon" is-config="true" duration-ms="553" started-at="2018-06-22T06:09:31Z" finished-at="2018-06-22T06:09:32Z">
          <reporter-output>
          </reporter-output>
        </test-method> <!-- postconditon -->
      </class> <!-- com.testLib.LogInTest -->
    </test> <!-- Test -->
  </suite> <!-- Suite -->
</testng-results>
